-------------------------------------------------------------------------------
Test set: com.placide.k8skafkaavroaepccleanarchibsmicroscompany.domain.usecase.CompanyUseCaseTest
-------------------------------------------------------------------------------
Tests run: 9, Failures: 1, Errors: 0, Skipped: 0, Time elapsed: 1.323 s <<< FAILURE! -- in com.placide.k8skafkaavroaepccleanarchibsmicroscompany.domain.usecase.CompanyUseCaseTest
com.placide.k8skafkaavroaepccleanarchibsmicroscompany.domain.usecase.CompanyUseCaseTest.produceKafkaEventCompanyEdit -- Time elapsed: 0.015 s <<< FAILURE!
org.opentest4j.MultipleFailuresError: 
gpe of assertions (1 failure)
	org.opentest4j.AssertionFailedError: expected: <Company[id:'company-id', name:'NATAN', agency:'PARIS', type:'esn', connected-date:2024-04-01 16:55:12.175016023, address:Address-API [id:'1L', num:2, street:'Allée de la Haye du Temple', po-box:59160, city:'Lomme', country:'France']]> but was: <Company[id:'company-id', name:'NATAN', agency:'Paris', type:'esn', connected-date:2024-04-01 16:55:12.175016023, address:Address-API [id:'1L', num:2, street:'Allée de la Haye du Temple', po-box:59160, city:'Lomme', country:'France']]>
	at org.junit.jupiter.api.AssertAll.assertAll(AssertAll.java:80)
	at org.junit.jupiter.api.AssertAll.assertAll(AssertAll.java:44)
	at org.junit.jupiter.api.Assertions.assertAll(Assertions.java:2961)
	at com.placide.k8skafkaavroaepccleanarchibsmicroscompany.domain.usecase.CompanyUseCaseTest.produceKafkaEventCompanyEdit(CompanyUseCaseTest.java:212)
	at java.base/java.lang.reflect.Method.invoke(Method.java:568)
	at java.base/java.util.ArrayList.forEach(ArrayList.java:1511)
	at java.base/java.util.ArrayList.forEach(ArrayList.java:1511)
	Suppressed: org.opentest4j.AssertionFailedError: expected: <Company[id:'company-id', name:'NATAN', agency:'PARIS', type:'esn', connected-date:2024-04-01 16:55:12.175016023, address:Address-API [id:'1L', num:2, street:'Allée de la Haye du Temple', po-box:59160, city:'Lomme', country:'France']]> but was: <Company[id:'company-id', name:'NATAN', agency:'Paris', type:'esn', connected-date:2024-04-01 16:55:12.175016023, address:Address-API [id:'1L', num:2, street:'Allée de la Haye du Temple', po-box:59160, city:'Lomme', country:'France']]>
		at org.junit.jupiter.api.AssertionFailureBuilder.build(AssertionFailureBuilder.java:151)
		at org.junit.jupiter.api.AssertionFailureBuilder.buildAndThrow(AssertionFailureBuilder.java:132)
		at org.junit.jupiter.api.AssertEquals.failNotEqual(AssertEquals.java:197)
		at org.junit.jupiter.api.AssertEquals.assertEquals(AssertEquals.java:182)
		at org.junit.jupiter.api.AssertEquals.assertEquals(AssertEquals.java:177)
		at org.junit.jupiter.api.Assertions.assertEquals(Assertions.java:1145)
		at com.placide.k8skafkaavroaepccleanarchibsmicroscompany.domain.usecase.CompanyUseCaseTest.lambda$produceKafkaEventCompanyEdit$7(CompanyUseCaseTest.java:217)
		at org.junit.jupiter.api.AssertAll.lambda$assertAll$0(AssertAll.java:68)
		at java.base/java.util.stream.ReferencePipeline$3$1.accept(ReferencePipeline.java:197)
		at java.base/java.util.Spliterators$ArraySpliterator.forEachRemaining(Spliterators.java:992)
		at java.base/java.util.stream.AbstractPipeline.copyInto(AbstractPipeline.java:509)
		at java.base/java.util.stream.AbstractPipeline.wrapAndCopyInto(AbstractPipeline.java:499)
		at java.base/java.util.stream.ReduceOps$ReduceOp.evaluateSequential(ReduceOps.java:921)
		at java.base/java.util.stream.AbstractPipeline.evaluate(AbstractPipeline.java:234)
		at java.base/java.util.stream.ReferencePipeline.collect(ReferencePipeline.java:682)
		at org.junit.jupiter.api.AssertAll.assertAll(AssertAll.java:77)
		... 6 more

