<?xml version="1.0" encoding="UTF-8"?>
<testsuite xmlns:xsi="http://www.w3.org/2001/XMLSchema-instance" xsi:noNamespaceSchemaLocation="https://maven.apache.org/surefire/maven-surefire-plugin/xsd/surefire-test-report-3.0.xsd" version="3.0" name="com.placide.k8skafkaavroaepccleanarchibsmicroscompany.infra.adapters.output.services.OutputCompanyServiceImplTest" time="0.152" tests="9" errors="0" skipped="0" failures="0">
  <properties>
[...]
</properties>
  <testcase name="editCompany" classname="com.placide.k8skafkaavroaepccleanarchibsmicroscompany.infra.adapters.output.services.OutputCompanyServiceImplTest" time="0.074">
    <system-out><![CDATA[2024-04-01T16:55:38.409+02:00  INFO 189115 --- [           main] c.p.k.i.a.o.s.OutputCompanyServiceImpl   : company to edit:<Company[id:'uuid', name:'natan', agency:'paris', type:'esn', connected-date:2024-04-01 16:55:38.406, address:Address-API [id:'1L', num:2, street:'Allée de la Haye du Temple', po-box:59160, city:'Lomme', country:'France']]]]><![CDATA[> consumed from topic:<topic3>
2024-04-01T16:55:38.411+02:00  INFO 189115 --- [           main] c.p.k.i.a.o.s.OutputCompanyServiceImpl   : company to edit:<Company[id:'uuid', name:'natan', agency:'paris', type:'esn', connected-date:2024-04-01 16:55:38.406, address:Address-API [id:'1L', num:2, street:'Allée de la Haye du Temple', po-box:59160, city:'Lomme', country:'France']]]]><![CDATA[> consumed from topic:<${topics.names.topic3}>
]]></system-out>
  </testcase>
  <testcase name="consumeKafkaEventCompanyEdit" classname="com.placide.k8skafkaavroaepccleanarchibsmicroscompany.infra.adapters.output.services.OutputCompanyServiceImplTest" time="0.004">
    <system-out><![CDATA[2024-04-01T16:55:38.419+02:00  INFO 189115 --- [           main] c.p.k.i.a.o.s.OutputCompanyServiceImpl   : company to edit:<Company[id:'uuid', name:'natan', agency:'paris', type:'esn', connected-date:2024-04-01 16:55:38.419, address:Address-API [id:'1L', num:2, street:'Allée de la Haye du Temple', po-box:59160, city:'Lomme', country:'France']]]]><![CDATA[> consumed from topic:<topic3>
]]></system-out>
  </testcase>
  <testcase name="getCompanyById" classname="com.placide.k8skafkaavroaepccleanarchibsmicroscompany.infra.adapters.output.services.OutputCompanyServiceImplTest" time="0.005">
    <system-out><![CDATA[2024-04-01T16:55:38.425+02:00  INFO 189115 --- [           main] p.k.i.a.o.s.OutputCompanyServiceImplTest : Company[id:'uuid', name:'natan', agency:'paris', type:'esn', connected-date:2024-04-01 16:55:38.424, address:null]
]]></system-out>
  </testcase>
  <testcase name="loadAllCompanies" classname="com.placide.k8skafkaavroaepccleanarchibsmicroscompany.infra.adapters.output.services.OutputCompanyServiceImplTest" time="0.006"/>
  <testcase name="consumeKafkaEventCompanyCreate" classname="com.placide.k8skafkaavroaepccleanarchibsmicroscompany.infra.adapters.output.services.OutputCompanyServiceImplTest" time="0.005">
    <system-out><![CDATA[2024-04-01T16:55:38.438+02:00  INFO 189115 --- [           main] c.p.k.i.a.o.s.OutputCompanyServiceImpl   : company to create:<Company[id:'uuid', name:'natan', agency:'paris', type:'esn', connected-date:2024-04-01 16:55:38.438, address:Address-API [id:'1L', num:2, street:'Allée de la Haye du Temple', po-box:59160, city:'Lomme', country:'France']]]]><![CDATA[> consumed from topic:<topic1>
2024-04-01T16:55:38.438+02:00  INFO 189115 --- [           main] p.k.i.a.o.s.OutputCompanyServiceImplTest : consumed company to create <Company[id:'uuid', name:'natan', agency:'paris', type:'esn', connected-date:2024-04-01 16:55:38.438, address:Address-API [id:'1L', num:2, street:'Allée de la Haye du Temple', po-box:59160, city:'Lomme', country:'France']]]]><![CDATA[> 
]]></system-out>
  </testcase>
  <testcase name="consumeKafkaEventCompanyDelete" classname="com.placide.k8skafkaavroaepccleanarchibsmicroscompany.infra.adapters.output.services.OutputCompanyServiceImplTest" time="0.004">
    <system-out><![CDATA[2024-04-01T16:55:38.445+02:00  INFO 189115 --- [           main] c.p.k.i.a.o.s.OutputCompanyServiceImpl   : company to delete:<Company[id:'uuid', name:'natan', agency:'paris', type:'esn', connected-date:2024-04-01 16:55:38.444, address:Address-API [id:'1L', num:2, street:'Allée de la Haye du Temple', po-box:59160, city:'Lomme', country:'France']]]]><![CDATA[> consumed from topic:<topic2>
]]></system-out>
  </testcase>
  <testcase name="deleteCompany" classname="com.placide.k8skafkaavroaepccleanarchibsmicroscompany.infra.adapters.output.services.OutputCompanyServiceImplTest" time="0.009"/>
  <testcase name="saveCompany" classname="com.placide.k8skafkaavroaepccleanarchibsmicroscompany.infra.adapters.output.services.OutputCompanyServiceImplTest" time="0.025">
    <system-out><![CDATA[2024-04-01T16:55:38.460+02:00  INFO 189115 --- [           main] c.p.k.i.a.o.s.OutputCompanyServiceImpl   : company to create:<Company[id:'uuid', name:'natan', agency:'paris', type:'esn', connected-date:2024-04-01 16:55:38.46, address:Address-API [id:'1L', num:2, street:'Allée de la Haye du Temple', po-box:59160, city:'Lomme', country:'France']]]]><![CDATA[> consumed from topic:<topic1>
2024-04-01T16:55:38.461+02:00  INFO 189115 --- [           main] c.p.k.i.a.o.s.OutputCompanyServiceImpl   : company to create:<Company[id:'uuid', name:'natan', agency:'paris', type:'esn', connected-date:2024-04-01 16:55:38.46, address:Address-API [id:'1L', num:2, street:'Allée de la Haye du Temple', po-box:59160, city:'Lomme', country:'France']]]]><![CDATA[> consumed from topic:<company-group-id>
]]></system-out>
  </testcase>
  <testcase name="loadCompanyByInfo" classname="com.placide.k8skafkaavroaepccleanarchibsmicroscompany.infra.adapters.output.services.OutputCompanyServiceImplTest" time="0.007"/>
</testsuite>