<?xml version="1.0" encoding="UTF-8"?>
<testsuite xmlns:xsi="http://www.w3.org/2001/XMLSchema-instance" xsi:noNamespaceSchemaLocation="https://maven.apache.org/surefire/maven-surefire-plugin/xsd/surefire-test-report-3.0.xsd" version="3.0" name="com.placide.k8skafkaavroaepccleanarchibsmicrosemployee.infra.adapters.output.service.OutputKafkaProducerEmployeeServiceImplTest" time="29.374" tests="3" errors="0" skipped="0" failures="0">
  <properties>
[...]
</properties>
  <testcase name="produceKafkaEventEmployeeCreate" classname="com.placide.k8skafkaavroaepccleanarchibsmicrosemployee.infra.adapters.output.service.OutputKafkaProducerEmployeeServiceImplTest" time="10.239">
    <system-out><![CDATA[2024-04-01T17:02:58.585+02:00  INFO 199134 --- [aepc-api-spring-secur-oauth2-kafka-avro-bs-ms-employee] [           main] org.testcontainers.images.PullPolicy     : Image pull policy will be performed by: DefaultPullPolicy()
2024-04-01T17:02:58.591+02:00  INFO 199134 --- [aepc-api-spring-secur-oauth2-kafka-avro-bs-ms-employee] [           main] o.t.utility.ImageNameSubstitutor         : Image name substitution will be performed by: DefaultImageNameSubstitutor (composite of 'ConfigurationFileImageNameSubstitutor' and 'PrefixingImageNameSubstitutor')
2024-04-01T17:02:58.890+02:00  INFO 199134 --- [aepc-api-spring-secur-oauth2-kafka-avro-bs-ms-employee] [           main] o.t.d.DockerClientProviderStrategy       : Loaded org.testcontainers.dockerclient.UnixSocketClientProviderStrategy from ~/.testcontainers.properties, will try it first
2024-04-01T17:02:59.398+02:00  INFO 199134 --- [aepc-api-spring-secur-oauth2-kafka-avro-bs-ms-employee] [           main] o.t.d.DockerClientProviderStrategy       : Found Docker environment with local Unix socket (unix:///var/run/docker.sock)
2024-04-01T17:02:59.401+02:00  INFO 199134 --- [aepc-api-spring-secur-oauth2-kafka-avro-bs-ms-employee] [           main] org.testcontainers.DockerClientFactory   : Docker host IP address is localhost
2024-04-01T17:02:59.424+02:00  INFO 199134 --- [aepc-api-spring-secur-oauth2-kafka-avro-bs-ms-employee] [           main] org.testcontainers.DockerClientFactory   : Connected to docker: 
  Server Version: 26.0.0
  API Version: 1.45
  Operating System: Zorin OS 16.3
  Total Memory: 15774 MB
2024-04-01T17:02:59.462+02:00  INFO 199134 --- [aepc-api-spring-secur-oauth2-kafka-avro-bs-ms-employee] [           main] tc.testcontainers/ryuk:0.5.1             : Creating container for image: testcontainers/ryuk:0.5.1
2024-04-01T17:02:59.471+02:00  INFO 199134 --- [aepc-api-spring-secur-oauth2-kafka-avro-bs-ms-employee] [           main] o.t.utility.RegistryAuthLocator          : Failure when attempting to lookup auth config. Please ignore if you don't have images in an authenticated registry. Details: (dockerImageName: testcontainers/ryuk:0.5.1, configFile: /home/pn-zbook-g3/.docker/config.json, configEnv: DOCKER_AUTH_CONFIG). Falling back to docker-java default behaviour. Exception message: Status 404: No config supplied. Checked in order: /home/pn-zbook-g3/.docker/config.json (file not found), DOCKER_AUTH_CONFIG (not set)
2024-04-01T17:02:59.644+02:00  INFO 199134 --- [aepc-api-spring-secur-oauth2-kafka-avro-bs-ms-employee] [           main] tc.testcontainers/ryuk:0.5.1             : Container testcontainers/ryuk:0.5.1 is starting: c10f5adae9df43268fd049ff1896104a5bebee67d7201575efb6283ba46832a6
2024-04-01T17:03:00.211+02:00  INFO 199134 --- [aepc-api-spring-secur-oauth2-kafka-avro-bs-ms-employee] [           main] tc.testcontainers/ryuk:0.5.1             : Container testcontainers/ryuk:0.5.1 started in PT0.748338043S
2024-04-01T17:03:00.215+02:00  INFO 199134 --- [aepc-api-spring-secur-oauth2-kafka-avro-bs-ms-employee] [           main] o.t.utility.RyukResourceReaper           : Ryuk started - will monitor and terminate Testcontainers containers on JVM exit
2024-04-01T17:03:00.215+02:00  INFO 199134 --- [aepc-api-spring-secur-oauth2-kafka-avro-bs-ms-employee] [           main] org.testcontainers.DockerClientFactory   : Checking the system...
2024-04-01T17:03:00.216+02:00  INFO 199134 --- [aepc-api-spring-secur-oauth2-kafka-avro-bs-ms-employee] [           main] org.testcontainers.DockerClientFactory   : ✔︎ Docker server version should be at least 1.6.0
2024-04-01T17:03:00.217+02:00  INFO 199134 --- [aepc-api-spring-secur-oauth2-kafka-avro-bs-ms-employee] [           main] tc.confluentinc/cp-kafka:latest          : Creating container for image: confluentinc/cp-kafka:latest
2024-04-01T17:03:00.298+02:00  INFO 199134 --- [aepc-api-spring-secur-oauth2-kafka-avro-bs-ms-employee] [           main] tc.confluentinc/cp-kafka:latest          : Container confluentinc/cp-kafka:latest is starting: 724131ad8a9cc1283ecd30e73e9f2575c980e581088910082d950e90a09e8812
2024-04-01T17:03:08.196+02:00  INFO 199134 --- [aepc-api-spring-secur-oauth2-kafka-avro-bs-ms-employee] [           main] tc.confluentinc/cp-kafka:latest          : Container confluentinc/cp-kafka:latest started in PT7.978874314S
2024-04-01T17:03:08.813+02:00  INFO 199134 --- [aepc-api-spring-secur-oauth2-kafka-avro-bs-ms-employee] [           main] tputKafkaProducerEmployeeServiceImplTest : list of kafka container brokers: PLAINTEXT://localhost:32819
]]></system-out>
  </testcase>
  <testcase name="produceKafkaEventEmployeeDelete" classname="com.placide.k8skafkaavroaepccleanarchibsmicrosemployee.infra.adapters.output.service.OutputKafkaProducerEmployeeServiceImplTest" time="8.497">
    <system-out><![CDATA[2024-04-01T17:03:08.864+02:00  INFO 199134 --- [aepc-api-spring-secur-oauth2-kafka-avro-bs-ms-employee] [           main] tc.confluentinc/cp-kafka:latest          : Creating container for image: confluentinc/cp-kafka:latest
2024-04-01T17:03:08.938+02:00  INFO 199134 --- [aepc-api-spring-secur-oauth2-kafka-avro-bs-ms-employee] [           main] tc.confluentinc/cp-kafka:latest          : Container confluentinc/cp-kafka:latest is starting: a1382e3c5ec3822d0cc0e7ceff6f675eec79233b6997dd8d6afd61e85c87764c
2024-04-01T17:03:17.350+02:00  INFO 199134 --- [aepc-api-spring-secur-oauth2-kafka-avro-bs-ms-employee] [           main] tc.confluentinc/cp-kafka:latest          : Container confluentinc/cp-kafka:latest started in PT8.486358046S
2024-04-01T17:03:17.353+02:00  INFO 199134 --- [aepc-api-spring-secur-oauth2-kafka-avro-bs-ms-employee] [           main] tputKafkaProducerEmployeeServiceImplTest : list of kafka container brokers: PLAINTEXT://localhost:32821
]]></system-out>
  </testcase>
  <testcase name="produceKafkaEventEmployeeEdit" classname="com.placide.k8skafkaavroaepccleanarchibsmicrosemployee.infra.adapters.output.service.OutputKafkaProducerEmployeeServiceImplTest" time="10.508">
    <system-out><![CDATA[2024-04-01T17:03:17.362+02:00  INFO 199134 --- [aepc-api-spring-secur-oauth2-kafka-avro-bs-ms-employee] [           main] tc.confluentinc/cp-kafka:latest          : Creating container for image: confluentinc/cp-kafka:latest
2024-04-01T17:03:17.438+02:00  INFO 199134 --- [aepc-api-spring-secur-oauth2-kafka-avro-bs-ms-employee] [           main] tc.confluentinc/cp-kafka:latest          : Container confluentinc/cp-kafka:latest is starting: f261ec27e644459d3b0d9bbd78f4d3cd2e4c869ea21588aa888e2b1fa68caa80
2024-04-01T17:03:27.859+02:00  INFO 199134 --- [aepc-api-spring-secur-oauth2-kafka-avro-bs-ms-employee] [           main] tc.confluentinc/cp-kafka:latest          : Container confluentinc/cp-kafka:latest started in PT10.497131186S
2024-04-01T17:03:27.862+02:00  INFO 199134 --- [aepc-api-spring-secur-oauth2-kafka-avro-bs-ms-employee] [           main] tputKafkaProducerEmployeeServiceImplTest : list of kafka container brokers: PLAINTEXT://localhost:32823
]]></system-out>
  </testcase>
</testsuite>