<?xml version="1.0" encoding="UTF-8"?>
<testsuite xmlns:xsi="http://www.w3.org/2001/XMLSchema-instance" xsi:noNamespaceSchemaLocation="https://maven.apache.org/surefire/maven-surefire-plugin/xsd/surefire-test-report-3.0.xsd" version="3.0" name="com.placide.k8skafkaavroaepccleanarchibsmicrosemployee.K8sKafkaAvroAepcCleanArchiBsMicrosEmployeeApplicationTests" time="13.214" tests="1" errors="0" skipped="0" failures="0">
  <properties>
[...]
</properties>
  <testcase name="contextLoads" classname="com.placide.k8skafkaavroaepccleanarchibsmicrosemployee.K8sKafkaAvroAepcCleanArchiBsMicrosEmployeeApplicationTests" time="0.74">
    <system-out><![CDATA[17:02:44.496 [main] INFO org.springframework.test.context.support.AnnotationConfigContextLoaderUtils -- Could not detect default configuration classes for test class [com.placide.k8skafkaavroaepccleanarchibsmicrosemployee.K8sKafkaAvroAepcCleanArchiBsMicrosEmployeeApplicationTests]: K8sKafkaAvroAepcCleanArchiBsMicrosEmployeeApplicationTests does not declare any static, non-private, non-final, nested classes annotated with @Configuration.
17:02:44.656 [main] INFO org.springframework.boot.test.context.SpringBootTestContextBootstrapper -- Found @SpringBootConfiguration com.placide.k8skafkaavroaepccleanarchibsmicrosemployee.K8sKafkaAvroAepcCleanArchiBsMicrosEmployeeApplication for test class com.placide.k8skafkaavroaepccleanarchibsmicrosemployee.K8sKafkaAvroAepcCleanArchiBsMicrosEmployeeApplicationTests
2024-04-01T17:02:45.860+02:00  INFO 199134 --- [aepc-api-spring-secur-oauth2-kafka-avro-bs-ms-employee] [           main] c.c.c.ConfigServicePropertySourceLocator : Fetching config from server at : http://localhost:9009
2024-04-01T17:02:46.592+02:00  INFO 199134 --- [aepc-api-spring-secur-oauth2-kafka-avro-bs-ms-employee] [           main] c.c.c.ConfigServicePropertySourceLocator : Located environment: name=aepc-api-spring-secur-oauth2-kafka-avro-bs-ms-employee, profiles=[dev], label=null, version=90b0cb4180f07353008f5f360cdabd1f6960dac1, state=null
2024-04-01T17:02:46.594+02:00  INFO 199134 --- [aepc-api-spring-secur-oauth2-kafka-avro-bs-ms-employee] [           main] b.c.PropertySourceBootstrapConfiguration : Located property source: [BootstrapPropertySource {name='bootstrapProperties-configClient'}, BootstrapPropertySource {name='bootstrapProperties-https://github.com/placidenduwayo1/config-files-center.git/for-AEPC-fullstack-1-application-microservices-protected-with-spring-security-oauth2/aepc-api-spring-secur-oauth2-kafka-avro-bs-ms-employee.yml'}, BootstrapPropertySource {name='bootstrapProperties-https://github.com/placidenduwayo1/config-files-center.git/for-AEPC-fullstack-1-application-microservices-protected-with-spring-security-oauth2/application.properties'}]
2024-04-01T17:02:46.611+02:00  INFO 199134 --- [aepc-api-spring-secur-oauth2-kafka-avro-bs-ms-employee] [           main] eanArchiBsMicrosEmployeeApplicationTests : The following 1 profile is active: "dev"
2024-04-01T17:02:47.454+02:00  INFO 199134 --- [aepc-api-spring-secur-oauth2-kafka-avro-bs-ms-employee] [           main] .s.d.r.c.RepositoryConfigurationDelegate : Bootstrapping Spring Data JPA repositories in DEFAULT mode.
2024-04-01T17:02:47.631+02:00  INFO 199134 --- [aepc-api-spring-secur-oauth2-kafka-avro-bs-ms-employee] [           main] .s.d.r.c.RepositoryConfigurationDelegate : Finished Spring Data repository scanning in 169 ms. Found 1 JPA repository interface.
2024-04-01T17:02:48.198+02:00  INFO 199134 --- [aepc-api-spring-secur-oauth2-kafka-avro-bs-ms-employee] [           main] o.s.cloud.context.scope.GenericScope     : BeanFactory id=cf472a63-a23e-3ab5-b84a-f73f57ab37e9
2024-04-01T17:02:48.698+02:00  WARN 199134 --- [aepc-api-spring-secur-oauth2-kafka-avro-bs-ms-employee] [           main] trationDelegate$BeanPostProcessorChecker : Bean 'org.springframework.cloud.client.loadbalancer.LoadBalancerAutoConfiguration$RetryInterceptorAutoConfiguration' of type [org.springframework.cloud.client.loadbalancer.LoadBalancerAutoConfiguration$RetryInterceptorAutoConfiguration] is not eligible for getting processed by all BeanPostProcessors (for example: not eligible for auto-proxying). The currently created BeanPostProcessor [lbRestClientPostProcessor] is declared through a non-static factory method on that class; consider declaring it as static instead.
2024-04-01T17:02:48.709+02:00  WARN 199134 --- [aepc-api-spring-secur-oauth2-kafka-avro-bs-ms-employee] [           main] trationDelegate$BeanPostProcessorChecker : Bean 'org.springframework.cloud.loadbalancer.config.BlockingLoadBalancerClientAutoConfiguration' of type [org.springframework.cloud.loadbalancer.config.BlockingLoadBalancerClientAutoConfiguration] is not eligible for getting processed by all BeanPostProcessors (for example: not eligible for auto-proxying). Is this bean getting eagerly injected into a currently created BeanPostProcessor [lbRestClientPostProcessor]? Check the corresponding BeanPostProcessor declaration and its dependencies.
2024-04-01T17:02:48.715+02:00  WARN 199134 --- [aepc-api-spring-secur-oauth2-kafka-avro-bs-ms-employee] [           main] trationDelegate$BeanPostProcessorChecker : Bean 'org.springframework.cloud.loadbalancer.config.LoadBalancerAutoConfiguration' of type [org.springframework.cloud.loadbalancer.config.LoadBalancerAutoConfiguration] is not eligible for getting processed by all BeanPostProcessors (for example: not eligible for auto-proxying). Is this bean getting eagerly injected into a currently created BeanPostProcessor [lbRestClientPostProcessor]? Check the corresponding BeanPostProcessor declaration and its dependencies.
2024-04-01T17:02:48.733+02:00  WARN 199134 --- [aepc-api-spring-secur-oauth2-kafka-avro-bs-ms-employee] [           main] trationDelegate$BeanPostProcessorChecker : Bean 'org.springframework.cloud.commons.config.CommonsConfigAutoConfiguration' of type [org.springframework.cloud.commons.config.CommonsConfigAutoConfiguration] is not eligible for getting processed by all BeanPostProcessors (for example: not eligible for auto-proxying). Is this bean getting eagerly injected into a currently created BeanPostProcessor [lbRestClientPostProcessor]? Check the corresponding BeanPostProcessor declaration and its dependencies.
2024-04-01T17:02:48.739+02:00  WARN 199134 --- [aepc-api-spring-secur-oauth2-kafka-avro-bs-ms-employee] [           main] trationDelegate$BeanPostProcessorChecker : Bean 'org.springframework.cloud.client.loadbalancer.LoadBalancerDefaultMappingsProviderAutoConfiguration' of type [org.springframework.cloud.client.loadbalancer.LoadBalancerDefaultMappingsProviderAutoConfiguration] is not eligible for getting processed by all BeanPostProcessors (for example: not eligible for auto-proxying). Is this bean getting eagerly injected into a currently created BeanPostProcessor [lbRestClientPostProcessor]? Check the corresponding BeanPostProcessor declaration and its dependencies.
2024-04-01T17:02:48.743+02:00  WARN 199134 --- [aepc-api-spring-secur-oauth2-kafka-avro-bs-ms-employee] [           main] trationDelegate$BeanPostProcessorChecker : Bean 'loadBalancerClientsDefaultsMappingsProvider' of type [org.springframework.cloud.client.loadbalancer.LoadBalancerDefaultMappingsProviderAutoConfiguration$$Lambda$1039/0x00007fd614553748] is not eligible for getting processed by all BeanPostProcessors (for example: not eligible for auto-proxying). Is this bean getting eagerly injected into a currently created BeanPostProcessor [lbRestClientPostProcessor]? Check the corresponding BeanPostProcessor declaration and its dependencies.
2024-04-01T17:02:48.750+02:00  WARN 199134 --- [aepc-api-spring-secur-oauth2-kafka-avro-bs-ms-employee] [           main] trationDelegate$BeanPostProcessorChecker : Bean 'defaultsBindHandlerAdvisor' of type [org.springframework.cloud.commons.config.DefaultsBindHandlerAdvisor] is not eligible for getting processed by all BeanPostProcessors (for example: not eligible for auto-proxying). Is this bean getting eagerly injected into a currently created BeanPostProcessor [lbRestClientPostProcessor]? Check the corresponding BeanPostProcessor declaration and its dependencies.
2024-04-01T17:02:48.761+02:00  WARN 199134 --- [aepc-api-spring-secur-oauth2-kafka-avro-bs-ms-employee] [           main] trationDelegate$BeanPostProcessorChecker : Bean 'spring.cloud.loadbalancer-org.springframework.cloud.client.loadbalancer.LoadBalancerClientsProperties' of type [org.springframework.cloud.client.loadbalancer.LoadBalancerClientsProperties] is not eligible for getting processed by all BeanPostProcessors (for example: not eligible for auto-proxying). Is this bean getting eagerly injected into a currently created BeanPostProcessor [lbRestClientPostProcessor]? Check the corresponding BeanPostProcessor declaration and its dependencies.
2024-04-01T17:02:48.774+02:00  WARN 199134 --- [aepc-api-spring-secur-oauth2-kafka-avro-bs-ms-employee] [           main] trationDelegate$BeanPostProcessorChecker : Bean 'default.org.springframework.cloud.loadbalancer.config.LoadBalancerAutoConfiguration.LoadBalancerClientSpecification' of type [org.springframework.cloud.loadbalancer.annotation.LoadBalancerClientSpecification] is not eligible for getting processed by all BeanPostProcessors (for example: not eligible for auto-proxying). Is this bean getting eagerly injected into a currently created BeanPostProcessor [lbRestClientPostProcessor]? Check the corresponding BeanPostProcessor declaration and its dependencies.
2024-04-01T17:02:48.780+02:00  WARN 199134 --- [aepc-api-spring-secur-oauth2-kafka-avro-bs-ms-employee] [           main] trationDelegate$BeanPostProcessorChecker : Bean 'default.org.springframework.cloud.loadbalancer.config.BlockingLoadBalancerClientAutoConfiguration.LoadBalancerClientSpecification' of type [org.springframework.cloud.loadbalancer.annotation.LoadBalancerClientSpecification] is not eligible for getting processed by all BeanPostProcessors (for example: not eligible for auto-proxying). Is this bean getting eagerly injected into a currently created BeanPostProcessor [lbRestClientPostProcessor]? Check the corresponding BeanPostProcessor declaration and its dependencies.
2024-04-01T17:02:48.782+02:00  WARN 199134 --- [aepc-api-spring-secur-oauth2-kafka-avro-bs-ms-employee] [           main] trationDelegate$BeanPostProcessorChecker : Bean 'default.org.springframework.cloud.netflix.eureka.loadbalancer.LoadBalancerEurekaAutoConfiguration.LoadBalancerClientSpecification' of type [org.springframework.cloud.loadbalancer.annotation.LoadBalancerClientSpecification] is not eligible for getting processed by all BeanPostProcessors (for example: not eligible for auto-proxying). Is this bean getting eagerly injected into a currently created BeanPostProcessor [lbRestClientPostProcessor]? Check the corresponding BeanPostProcessor declaration and its dependencies.
2024-04-01T17:02:48.784+02:00  WARN 199134 --- [aepc-api-spring-secur-oauth2-kafka-avro-bs-ms-employee] [           main] trationDelegate$BeanPostProcessorChecker : Bean 'loadBalancerClientFactory' of type [org.springframework.cloud.loadbalancer.support.LoadBalancerClientFactory] is not eligible for getting processed by all BeanPostProcessors (for example: not eligible for auto-proxying). Is this bean getting eagerly injected into a currently created BeanPostProcessor [lbRestClientPostProcessor]? Check the corresponding BeanPostProcessor declaration and its dependencies.
2024-04-01T17:02:48.799+02:00  WARN 199134 --- [aepc-api-spring-secur-oauth2-kafka-avro-bs-ms-employee] [           main] trationDelegate$BeanPostProcessorChecker : Bean 'blockingLoadBalancerClient' of type [org.springframework.cloud.loadbalancer.blocking.client.BlockingLoadBalancerClient] is not eligible for getting processed by all BeanPostProcessors (for example: not eligible for auto-proxying). Is this bean getting eagerly injected into a currently created BeanPostProcessor [lbRestClientPostProcessor]? Check the corresponding BeanPostProcessor declaration and its dependencies.
2024-04-01T17:02:48.813+02:00  WARN 199134 --- [aepc-api-spring-secur-oauth2-kafka-avro-bs-ms-employee] [           main] trationDelegate$BeanPostProcessorChecker : Bean 'loadBalancerServiceInstanceCookieTransformer' of type [org.springframework.cloud.loadbalancer.core.LoadBalancerServiceInstanceCookieTransformer] is not eligible for getting processed by all BeanPostProcessors (for example: not eligible for auto-proxying). Is this bean getting eagerly injected into a currently created BeanPostProcessor [lbRestClientPostProcessor]? Check the corresponding BeanPostProcessor declaration and its dependencies.
2024-04-01T17:02:48.817+02:00  WARN 199134 --- [aepc-api-spring-secur-oauth2-kafka-avro-bs-ms-employee] [           main] trationDelegate$BeanPostProcessorChecker : Bean 'xForwarderHeadersTransformer' of type [org.springframework.cloud.loadbalancer.blocking.XForwardedHeadersTransformer] is not eligible for getting processed by all BeanPostProcessors (for example: not eligible for auto-proxying). Is this bean getting eagerly injected into a currently created BeanPostProcessor [lbRestClientPostProcessor]? Check the corresponding BeanPostProcessor declaration and its dependencies.
2024-04-01T17:02:48.820+02:00  WARN 199134 --- [aepc-api-spring-secur-oauth2-kafka-avro-bs-ms-employee] [           main] trationDelegate$BeanPostProcessorChecker : Bean 'org.springframework.cloud.client.loadbalancer.LoadBalancerAutoConfiguration' of type [org.springframework.cloud.client.loadbalancer.LoadBalancerAutoConfiguration] is not eligible for getting processed by all BeanPostProcessors (for example: not eligible for auto-proxying). Is this bean getting eagerly injected into a currently created BeanPostProcessor [lbRestClientPostProcessor]? Check the corresponding BeanPostProcessor declaration and its dependencies.
2024-04-01T17:02:48.826+02:00  WARN 199134 --- [aepc-api-spring-secur-oauth2-kafka-avro-bs-ms-employee] [           main] trationDelegate$BeanPostProcessorChecker : Bean 'loadBalancerRequestFactory' of type [org.springframework.cloud.client.loadbalancer.LoadBalancerRequestFactory] is not eligible for getting processed by all BeanPostProcessors (for example: not eligible for auto-proxying). Is this bean getting eagerly injected into a currently created BeanPostProcessor [lbRestClientPostProcessor]? Check the corresponding BeanPostProcessor declaration and its dependencies.
2024-04-01T17:02:48.829+02:00  WARN 199134 --- [aepc-api-spring-secur-oauth2-kafka-avro-bs-ms-employee] [           main] trationDelegate$BeanPostProcessorChecker : Bean 'org.springframework.cloud.loadbalancer.config.BlockingLoadBalancerClientAutoConfiguration$BlockingLoadBalancerRetryConfig' of type [org.springframework.cloud.loadbalancer.config.BlockingLoadBalancerClientAutoConfiguration$BlockingLoadBalancerRetryConfig$$SpringCGLIB$$0] is not eligible for getting processed by all BeanPostProcessors (for example: not eligible for auto-proxying). Is this bean getting eagerly injected into a currently created BeanPostProcessor [lbRestClientPostProcessor]? Check the corresponding BeanPostProcessor declaration and its dependencies.
2024-04-01T17:02:48.838+02:00  WARN 199134 --- [aepc-api-spring-secur-oauth2-kafka-avro-bs-ms-employee] [           main] trationDelegate$BeanPostProcessorChecker : Bean 'loadBalancedRetryFactory' of type [org.springframework.cloud.loadbalancer.blocking.retry.BlockingLoadBalancedRetryFactory] is not eligible for getting processed by all BeanPostProcessors (for example: not eligible for auto-proxying). Is this bean getting eagerly injected into a currently created BeanPostProcessor [lbRestClientPostProcessor]? Check the corresponding BeanPostProcessor declaration and its dependencies.
2024-04-01T17:02:48.846+02:00  WARN 199134 --- [aepc-api-spring-secur-oauth2-kafka-avro-bs-ms-employee] [           main] trationDelegate$BeanPostProcessorChecker : Bean 'loadBalancerInterceptor' of type [org.springframework.cloud.client.loadbalancer.RetryLoadBalancerInterceptor] is not eligible for getting processed by all BeanPostProcessors (for example: not eligible for auto-proxying). Is this bean getting eagerly injected into a currently created BeanPostProcessor [lbRestClientPostProcessor]? Check the corresponding BeanPostProcessor declaration and its dependencies.
2024-04-01T17:02:49.129+02:00  INFO 199134 --- [aepc-api-spring-secur-oauth2-kafka-avro-bs-ms-employee] [           main] o.hibernate.jpa.internal.util.LogHelper  : HHH000204: Processing PersistenceUnitInfo [name: default]
2024-04-01T17:02:49.198+02:00  INFO 199134 --- [aepc-api-spring-secur-oauth2-kafka-avro-bs-ms-employee] [           main] org.hibernate.Version                    : HHH000412: Hibernate ORM core version 6.4.1.Final
2024-04-01T17:02:49.238+02:00  INFO 199134 --- [aepc-api-spring-secur-oauth2-kafka-avro-bs-ms-employee] [           main] o.h.c.internal.RegionFactoryInitiator    : HHH000026: Second-level cache disabled
2024-04-01T17:02:49.536+02:00  INFO 199134 --- [aepc-api-spring-secur-oauth2-kafka-avro-bs-ms-employee] [           main] o.s.o.j.p.SpringPersistenceUnitInfo      : No LoadTimeWeaver setup: ignoring JPA class transformer
2024-04-01T17:02:49.564+02:00  INFO 199134 --- [aepc-api-spring-secur-oauth2-kafka-avro-bs-ms-employee] [           main] com.zaxxer.hikari.HikariDataSource       : HikariPool-1 - Starting...
2024-04-01T17:02:49.957+02:00  INFO 199134 --- [aepc-api-spring-secur-oauth2-kafka-avro-bs-ms-employee] [           main] com.zaxxer.hikari.pool.HikariPool        : HikariPool-1 - Added connection com.mysql.cj.jdbc.ConnectionImpl@3aed692d
2024-04-01T17:02:49.960+02:00  INFO 199134 --- [aepc-api-spring-secur-oauth2-kafka-avro-bs-ms-employee] [           main] com.zaxxer.hikari.HikariDataSource       : HikariPool-1 - Start completed.
2024-04-01T17:02:50.014+02:00  WARN 199134 --- [aepc-api-spring-secur-oauth2-kafka-avro-bs-ms-employee] [           main] org.hibernate.orm.deprecation            : HHH90000025: MySQL8Dialect does not need to be specified explicitly using 'hibernate.dialect' (remove the property setting and it will be selected by default)
2024-04-01T17:02:50.015+02:00  WARN 199134 --- [aepc-api-spring-secur-oauth2-kafka-avro-bs-ms-employee] [           main] org.hibernate.orm.deprecation            : HHH90000026: MySQL8Dialect has been deprecated; use org.hibernate.dialect.MySQLDialect instead
2024-04-01T17:02:51.467+02:00  INFO 199134 --- [aepc-api-spring-secur-oauth2-kafka-avro-bs-ms-employee] [           main] o.h.e.t.j.p.i.JtaPlatformInitiator       : HHH000489: No JTA platform available (set 'hibernate.transaction.jta.platform' to enable JTA platform integration)
Hibernate: create table employees (employee_id varchar(255) not null, address_id varchar(255), email varchar(255), firstname varchar(255), hire_date varchar(255), lastname varchar(255), role varchar(255), state varchar(255), primary key (employee_id)) engine=InnoDB
Hibernate: alter table employees drop index UK_j9xgmd0ya5jmus09o0b8pqrpb
Hibernate: alter table employees add constraint UK_j9xgmd0ya5jmus09o0b8pqrpb unique (email)
2024-04-01T17:02:51.655+02:00  INFO 199134 --- [aepc-api-spring-secur-oauth2-kafka-avro-bs-ms-employee] [           main] j.LocalContainerEntityManagerFactoryBean : Initialized JPA EntityManagerFactory for persistence unit 'default'
2024-04-01T17:02:52.660+02:00  WARN 199134 --- [aepc-api-spring-secur-oauth2-kafka-avro-bs-ms-employee] [           main] JpaBaseConfiguration$JpaWebConfiguration : spring.jpa.open-in-view is enabled by default. Therefore, database queries may be performed during view rendering. Explicitly configure spring.jpa.open-in-view to disable this warning
2024-04-01T17:02:52.818+02:00  INFO 199134 --- [aepc-api-spring-secur-oauth2-kafka-avro-bs-ms-employee] [           main] o.s.c.openfeign.FeignClientFactoryBean   : For 'aepc-api-spring-secur-oauth2-kafka-avro-bs-ms-address' URL not provided. Will try picking an instance via load-balancing.
2024-04-01T17:02:53.034+02:00  INFO 199134 --- [aepc-api-spring-secur-oauth2-kafka-avro-bs-ms-employee] [           main] o.s.c.openfeign.FeignClientFactoryBean   : For 'aepc-api-spring-secur-oauth2-kafka-avro-bs-ms-project' URL not provided. Will try picking an instance via load-balancing.
2024-04-01T17:02:53.839+02:00  INFO 199134 --- [aepc-api-spring-secur-oauth2-kafka-avro-bs-ms-employee] [           main] o.s.s.web.DefaultSecurityFilterChain     : Will secure any request with [org.springframework.security.web.session.DisableEncodeUrlFilter@4750e942, org.springframework.security.web.context.request.async.WebAsyncManagerIntegrationFilter@76527a00, org.springframework.security.web.context.SecurityContextHolderFilter@4483e237, org.springframework.security.web.header.HeaderWriterFilter@3ce17e4, org.springframework.web.filter.CorsFilter@5bebdfcb, org.springframework.security.web.authentication.logout.LogoutFilter@42fa1554, org.springframework.security.oauth2.server.resource.web.authentication.BearerTokenAuthenticationFilter@1170d81f, org.springframework.security.web.savedrequest.RequestCacheAwareFilter@42ea4bac, org.springframework.security.web.servletapi.SecurityContextHolderAwareRequestFilter@50aa5826, org.springframework.security.web.authentication.AnonymousAuthenticationFilter@2ca6937, org.springframework.security.web.access.ExceptionTranslationFilter@32950acc, org.springframework.security.web.access.intercept.AuthorizationFilter@25fa5c0c]
2024-04-01T17:02:55.113+02:00  INFO 199134 --- [aepc-api-spring-secur-oauth2-kafka-avro-bs-ms-employee] [           main] DiscoveryClientOptionalArgsConfiguration : Eureka HTTP Client uses RestTemplate.
2024-04-01T17:02:55.389+02:00  INFO 199134 --- [aepc-api-spring-secur-oauth2-kafka-avro-bs-ms-employee] [           main] o.a.k.clients.admin.AdminClientConfig    : AdminClientConfig values: 
	auto.include.jmx.reporter = true
	bootstrap.servers = [localhost:9092]
	client.dns.lookup = use_all_dns_ips
	client.id = 
	connections.max.idle.ms = 300000
	default.api.timeout.ms = 60000
	metadata.max.age.ms = 300000
	metric.reporters = []
	metrics.num.samples = 2
	metrics.recording.level = INFO
	metrics.sample.window.ms = 30000
	receive.buffer.bytes = 65536
	reconnect.backoff.max.ms = 1000
	reconnect.backoff.ms = 50
	request.timeout.ms = 30000
	retries = 2147483647
	retry.backoff.ms = 100
	sasl.client.callback.handler.class = null
	sasl.jaas.config = null
	sasl.kerberos.kinit.cmd = /usr/bin/kinit
	sasl.kerberos.min.time.before.relogin = 60000
	sasl.kerberos.service.name = null
	sasl.kerberos.ticket.renew.jitter = 0.05
	sasl.kerberos.ticket.renew.window.factor = 0.8
	sasl.login.callback.handler.class = null
	sasl.login.class = null
	sasl.login.connect.timeout.ms = null
	sasl.login.read.timeout.ms = null
	sasl.login.refresh.buffer.seconds = 300
	sasl.login.refresh.min.period.seconds = 60
	sasl.login.refresh.window.factor = 0.8
	sasl.login.refresh.window.jitter = 0.05
	sasl.login.retry.backoff.max.ms = 10000
	sasl.login.retry.backoff.ms = 100
	sasl.mechanism = GSSAPI
	sasl.oauthbearer.clock.skew.seconds = 30
	sasl.oauthbearer.expected.audience = null
	sasl.oauthbearer.expected.issuer = null
	sasl.oauthbearer.jwks.endpoint.refresh.ms = 3600000
	sasl.oauthbearer.jwks.endpoint.retry.backoff.max.ms = 10000
	sasl.oauthbearer.jwks.endpoint.retry.backoff.ms = 100
	sasl.oauthbearer.jwks.endpoint.url = null
	sasl.oauthbearer.scope.claim.name = scope
	sasl.oauthbearer.sub.claim.name = sub
	sasl.oauthbearer.token.endpoint.url = null
	security.protocol = PLAINTEXT
	security.providers = null
	send.buffer.bytes = 131072
	socket.connection.setup.timeout.max.ms = 30000
	socket.connection.setup.timeout.ms = 10000
	ssl.cipher.suites = null
	ssl.enabled.protocols = [TLSv1.2, TLSv1.3]
	ssl.endpoint.identification.algorithm = https
	ssl.engine.factory.class = null
	ssl.key.password = null
	ssl.keymanager.algorithm = SunX509
	ssl.keystore.certificate.chain = null
	ssl.keystore.key = null
	ssl.keystore.location = null
	ssl.keystore.password = null
	ssl.keystore.type = JKS
	ssl.protocol = TLSv1.3
	ssl.provider = null
	ssl.secure.random.implementation = null
	ssl.trustmanager.algorithm = PKIX
	ssl.truststore.certificates = null
	ssl.truststore.location = null
	ssl.truststore.password = null
	ssl.truststore.type = JKS

2024-04-01T17:02:55.539+02:00  INFO 199134 --- [aepc-api-spring-secur-oauth2-kafka-avro-bs-ms-employee] [           main] o.a.k.clients.admin.AdminClientConfig    : These configurations '[schema.registry.url]' were supplied but are not used yet.
2024-04-01T17:02:55.541+02:00  INFO 199134 --- [aepc-api-spring-secur-oauth2-kafka-avro-bs-ms-employee] [           main] o.a.kafka.common.utils.AppInfoParser     : Kafka version: 3.6.1
2024-04-01T17:02:55.541+02:00  INFO 199134 --- [aepc-api-spring-secur-oauth2-kafka-avro-bs-ms-employee] [           main] o.a.kafka.common.utils.AppInfoParser     : Kafka commitId: 5e3c2b738d253ff5
2024-04-01T17:02:55.541+02:00  INFO 199134 --- [aepc-api-spring-secur-oauth2-kafka-avro-bs-ms-employee] [           main] o.a.kafka.common.utils.AppInfoParser     : Kafka startTimeMs: 1711983775539
2024-04-01T17:02:56.085+02:00  INFO 199134 --- [aepc-api-spring-secur-oauth2-kafka-avro-bs-ms-employee] [| adminclient-1] o.a.kafka.common.utils.AppInfoParser     : App info kafka.admin.client for adminclient-1 unregistered
2024-04-01T17:02:56.094+02:00  INFO 199134 --- [aepc-api-spring-secur-oauth2-kafka-avro-bs-ms-employee] [| adminclient-1] o.apache.kafka.common.metrics.Metrics    : Metrics scheduler closed
2024-04-01T17:02:56.094+02:00  INFO 199134 --- [aepc-api-spring-secur-oauth2-kafka-avro-bs-ms-employee] [| adminclient-1] o.apache.kafka.common.metrics.Metrics    : Closing reporter org.apache.kafka.common.metrics.JmxReporter
2024-04-01T17:02:56.094+02:00  INFO 199134 --- [aepc-api-spring-secur-oauth2-kafka-avro-bs-ms-employee] [| adminclient-1] o.apache.kafka.common.metrics.Metrics    : Metrics reporters closed
2024-04-01T17:02:56.122+02:00  INFO 199134 --- [aepc-api-spring-secur-oauth2-kafka-avro-bs-ms-employee] [           main] o.s.c.n.eureka.InstanceInfoFactory       : Setting initial instance status as: STARTING
2024-04-01T17:02:56.169+02:00  INFO 199134 --- [aepc-api-spring-secur-oauth2-kafka-avro-bs-ms-employee] [           main] com.netflix.discovery.DiscoveryClient    : Initializing Eureka in region us-east-1
2024-04-01T17:02:56.174+02:00  INFO 199134 --- [aepc-api-spring-secur-oauth2-kafka-avro-bs-ms-employee] [           main] c.n.d.s.r.aws.ConfigClusterResolver      : Resolving eureka endpoints via configuration
2024-04-01T17:02:56.202+02:00  INFO 199134 --- [aepc-api-spring-secur-oauth2-kafka-avro-bs-ms-employee] [           main] com.netflix.discovery.DiscoveryClient    : Disable delta property : false
2024-04-01T17:02:56.202+02:00  INFO 199134 --- [aepc-api-spring-secur-oauth2-kafka-avro-bs-ms-employee] [           main] com.netflix.discovery.DiscoveryClient    : Single vip registry refresh property : null
2024-04-01T17:02:56.202+02:00  INFO 199134 --- [aepc-api-spring-secur-oauth2-kafka-avro-bs-ms-employee] [           main] com.netflix.discovery.DiscoveryClient    : Force full registry fetch : false
2024-04-01T17:02:56.202+02:00  INFO 199134 --- [aepc-api-spring-secur-oauth2-kafka-avro-bs-ms-employee] [           main] com.netflix.discovery.DiscoveryClient    : Application is null : false
2024-04-01T17:02:56.202+02:00  INFO 199134 --- [aepc-api-spring-secur-oauth2-kafka-avro-bs-ms-employee] [           main] com.netflix.discovery.DiscoveryClient    : Registered Applications size is zero : true
2024-04-01T17:02:56.203+02:00  INFO 199134 --- [aepc-api-spring-secur-oauth2-kafka-avro-bs-ms-employee] [           main] com.netflix.discovery.DiscoveryClient    : Application version is -1: true
2024-04-01T17:02:56.203+02:00  INFO 199134 --- [aepc-api-spring-secur-oauth2-kafka-avro-bs-ms-employee] [           main] com.netflix.discovery.DiscoveryClient    : Getting all instance registry info from the eureka server
2024-04-01T17:02:56.496+02:00  INFO 199134 --- [aepc-api-spring-secur-oauth2-kafka-avro-bs-ms-employee] [           main] com.netflix.discovery.DiscoveryClient    : The response status is 200
2024-04-01T17:02:56.500+02:00  INFO 199134 --- [aepc-api-spring-secur-oauth2-kafka-avro-bs-ms-employee] [           main] com.netflix.discovery.DiscoveryClient    : Starting heartbeat executor: renew interval is: 30
2024-04-01T17:02:56.503+02:00  INFO 199134 --- [aepc-api-spring-secur-oauth2-kafka-avro-bs-ms-employee] [           main] c.n.discovery.InstanceInfoReplicator     : InstanceInfoReplicator onDemand update allowed rate per min is 4
2024-04-01T17:02:56.510+02:00  INFO 199134 --- [aepc-api-spring-secur-oauth2-kafka-avro-bs-ms-employee] [           main] com.netflix.discovery.DiscoveryClient    : Discovery Client initialized at timestamp 1711983776509 with initial instances count: 2
2024-04-01T17:02:56.529+02:00  INFO 199134 --- [aepc-api-spring-secur-oauth2-kafka-avro-bs-ms-employee] [           main] o.s.c.n.e.s.EurekaServiceRegistry        : Registering application AEPC-API-SPRING-SECUR-OAUTH2-KAFKA-AVRO-BS-MS-EMPLOYEE with eureka with status UP
2024-04-01T17:02:56.530+02:00  INFO 199134 --- [aepc-api-spring-secur-oauth2-kafka-avro-bs-ms-employee] [           main] com.netflix.discovery.DiscoveryClient    : Saw local status change event StatusChangeEvent [timestamp=1711983776530, current=UP, previous=STARTING]
2024-04-01T17:02:56.532+02:00  INFO 199134 --- [aepc-api-spring-secur-oauth2-kafka-avro-bs-ms-employee] [nfoReplicator-0] com.netflix.discovery.DiscoveryClient    : DiscoveryClient_AEPC-API-SPRING-SECUR-OAUTH2-KAFKA-AVRO-BS-MS-EMPLOYEE/192.168.1.214:aepc-api-spring-secur-oauth2-kafka-avro-bs-ms-employee:9014: registering service...
2024-04-01T17:02:56.572+02:00  INFO 199134 --- [aepc-api-spring-secur-oauth2-kafka-avro-bs-ms-employee] [           main] o.a.k.clients.consumer.ConsumerConfig    : ConsumerConfig values: 
	allow.auto.create.topics = true
	auto.commit.interval.ms = 5000
	auto.include.jmx.reporter = true
	auto.offset.reset = earliest
	bootstrap.servers = [http://localhost:9092, http://localhost:9093, http://localhost:9094]
	check.crcs = true
	client.dns.lookup = use_all_dns_ips
	client.id = consumer-employee-group-id-1
	client.rack = 
	connections.max.idle.ms = 540000
	default.api.timeout.ms = 60000
	enable.auto.commit = false
	exclude.internal.topics = true
	fetch.max.bytes = 52428800
	fetch.max.wait.ms = 500
	fetch.min.bytes = 1
	group.id = employee-group-id
	group.instance.id = null
	heartbeat.interval.ms = 3000
	interceptor.classes = []
	internal.leave.group.on.close = true
	internal.throw.on.fetch.stable.offset.unsupported = false
	isolation.level = read_uncommitted
	key.deserializer = class org.apache.kafka.common.serialization.StringDeserializer
	max.partition.fetch.bytes = 1048576
	max.poll.interval.ms = 300000
	max.poll.records = 500
	metadata.max.age.ms = 300000
	metric.reporters = []
	metrics.num.samples = 2
	metrics.recording.level = INFO
	metrics.sample.window.ms = 30000
	partition.assignment.strategy = [class org.apache.kafka.clients.consumer.RangeAssignor, class org.apache.kafka.clients.consumer.CooperativeStickyAssignor]
	receive.buffer.bytes = 65536
	reconnect.backoff.max.ms = 1000
	reconnect.backoff.ms = 50
	request.timeout.ms = 30000
	retry.backoff.ms = 100
	sasl.client.callback.handler.class = null
	sasl.jaas.config = null
	sasl.kerberos.kinit.cmd = /usr/bin/kinit
	sasl.kerberos.min.time.before.relogin = 60000
	sasl.kerberos.service.name = null
	sasl.kerberos.ticket.renew.jitter = 0.05
	sasl.kerberos.ticket.renew.window.factor = 0.8
	sasl.login.callback.handler.class = null
	sasl.login.class = null
	sasl.login.connect.timeout.ms = null
	sasl.login.read.timeout.ms = null
	sasl.login.refresh.buffer.seconds = 300
	sasl.login.refresh.min.period.seconds = 60
	sasl.login.refresh.window.factor = 0.8
	sasl.login.refresh.window.jitter = 0.05
	sasl.login.retry.backoff.max.ms = 10000
	sasl.login.retry.backoff.ms = 100
	sasl.mechanism = GSSAPI
	sasl.oauthbearer.clock.skew.seconds = 30
	sasl.oauthbearer.expected.audience = null
	sasl.oauthbearer.expected.issuer = null
	sasl.oauthbearer.jwks.endpoint.refresh.ms = 3600000
	sasl.oauthbearer.jwks.endpoint.retry.backoff.max.ms = 10000
	sasl.oauthbearer.jwks.endpoint.retry.backoff.ms = 100
	sasl.oauthbearer.jwks.endpoint.url = null
	sasl.oauthbearer.scope.claim.name = scope
	sasl.oauthbearer.sub.claim.name = sub
	sasl.oauthbearer.token.endpoint.url = null
	security.protocol = PLAINTEXT
	security.providers = null
	send.buffer.bytes = 131072
	session.timeout.ms = 45000
	socket.connection.setup.timeout.max.ms = 30000
	socket.connection.setup.timeout.ms = 10000
	ssl.cipher.suites = null
	ssl.enabled.protocols = [TLSv1.2, TLSv1.3]
	ssl.endpoint.identification.algorithm = https
	ssl.engine.factory.class = null
	ssl.key.password = null
	ssl.keymanager.algorithm = SunX509
	ssl.keystore.certificate.chain = null
	ssl.keystore.key = null
	ssl.keystore.location = null
	ssl.keystore.password = null
	ssl.keystore.type = JKS
	ssl.protocol = TLSv1.3
	ssl.provider = null
	ssl.secure.random.implementation = null
	ssl.trustmanager.algorithm = PKIX
	ssl.truststore.certificates = null
	ssl.truststore.location = null
	ssl.truststore.password = null
	ssl.truststore.type = JKS
	value.deserializer = class io.confluent.kafka.serializers.KafkaAvroDeserializer

2024-04-01T17:02:56.586+02:00  INFO 199134 --- [aepc-api-spring-secur-oauth2-kafka-avro-bs-ms-employee] [nfoReplicator-0] com.netflix.discovery.DiscoveryClient    : DiscoveryClient_AEPC-API-SPRING-SECUR-OAUTH2-KAFKA-AVRO-BS-MS-EMPLOYEE/192.168.1.214:aepc-api-spring-secur-oauth2-kafka-avro-bs-ms-employee:9014 - registration status: 204
2024-04-01T17:02:56.589+02:00  INFO 199134 --- [aepc-api-spring-secur-oauth2-kafka-avro-bs-ms-employee] [           main] i.c.k.s.KafkaAvroDeserializerConfig      : KafkaAvroDeserializerConfig values: 
	bearer.auth.token = [hidden]
	schema.registry.url = [http://localhost:8081]
	basic.auth.user.info = [hidden]
	auto.register.schemas = true
	max.schemas.per.subject = 1000
	basic.auth.credentials.source = URL
	schema.registry.basic.auth.user.info = [hidden]
	bearer.auth.credentials.source = STATIC_TOKEN
	specific.avro.reader = true
	value.subject.name.strategy = class io.confluent.kafka.serializers.subject.TopicNameStrategy
	key.subject.name.strategy = class io.confluent.kafka.serializers.subject.TopicNameStrategy

2024-04-01T17:02:56.660+02:00  INFO 199134 --- [aepc-api-spring-secur-oauth2-kafka-avro-bs-ms-employee] [           main] o.a.kafka.common.utils.AppInfoParser     : Kafka version: 3.6.1
2024-04-01T17:02:56.661+02:00  INFO 199134 --- [aepc-api-spring-secur-oauth2-kafka-avro-bs-ms-employee] [           main] o.a.kafka.common.utils.AppInfoParser     : Kafka commitId: 5e3c2b738d253ff5
2024-04-01T17:02:56.661+02:00  INFO 199134 --- [aepc-api-spring-secur-oauth2-kafka-avro-bs-ms-employee] [           main] o.a.kafka.common.utils.AppInfoParser     : Kafka startTimeMs: 1711983776660
2024-04-01T17:02:56.665+02:00  INFO 199134 --- [aepc-api-spring-secur-oauth2-kafka-avro-bs-ms-employee] [           main] fkaConsumerFactory$ExtendedKafkaConsumer : [Consumer clientId=consumer-employee-group-id-1, groupId=employee-group-id] Subscribed to topic(s): avro-employee-edited
2024-04-01T17:02:56.678+02:00  INFO 199134 --- [aepc-api-spring-secur-oauth2-kafka-avro-bs-ms-employee] [           main] o.a.k.clients.consumer.ConsumerConfig    : ConsumerConfig values: 
	allow.auto.create.topics = true
	auto.commit.interval.ms = 5000
	auto.include.jmx.reporter = true
	auto.offset.reset = earliest
	bootstrap.servers = [http://localhost:9092, http://localhost:9093, http://localhost:9094]
	check.crcs = true
	client.dns.lookup = use_all_dns_ips
	client.id = consumer-employee-group-id-2
	client.rack = 
	connections.max.idle.ms = 540000
	default.api.timeout.ms = 60000
	enable.auto.commit = false
	exclude.internal.topics = true
	fetch.max.bytes = 52428800
	fetch.max.wait.ms = 500
	fetch.min.bytes = 1
	group.id = employee-group-id
	group.instance.id = null
	heartbeat.interval.ms = 3000
	interceptor.classes = []
	internal.leave.group.on.close = true
	internal.throw.on.fetch.stable.offset.unsupported = false
	isolation.level = read_uncommitted
	key.deserializer = class org.apache.kafka.common.serialization.StringDeserializer
	max.partition.fetch.bytes = 1048576
	max.poll.interval.ms = 300000
	max.poll.records = 500
	metadata.max.age.ms = 300000
	metric.reporters = []
	metrics.num.samples = 2
	metrics.recording.level = INFO
	metrics.sample.window.ms = 30000
	partition.assignment.strategy = [class org.apache.kafka.clients.consumer.RangeAssignor, class org.apache.kafka.clients.consumer.CooperativeStickyAssignor]
	receive.buffer.bytes = 65536
	reconnect.backoff.max.ms = 1000
	reconnect.backoff.ms = 50
	request.timeout.ms = 30000
	retry.backoff.ms = 100
	sasl.client.callback.handler.class = null
	sasl.jaas.config = null
	sasl.kerberos.kinit.cmd = /usr/bin/kinit
	sasl.kerberos.min.time.before.relogin = 60000
	sasl.kerberos.service.name = null
	sasl.kerberos.ticket.renew.jitter = 0.05
	sasl.kerberos.ticket.renew.window.factor = 0.8
	sasl.login.callback.handler.class = null
	sasl.login.class = null
	sasl.login.connect.timeout.ms = null
	sasl.login.read.timeout.ms = null
	sasl.login.refresh.buffer.seconds = 300
	sasl.login.refresh.min.period.seconds = 60
	sasl.login.refresh.window.factor = 0.8
	sasl.login.refresh.window.jitter = 0.05
	sasl.login.retry.backoff.max.ms = 10000
	sasl.login.retry.backoff.ms = 100
	sasl.mechanism = GSSAPI
	sasl.oauthbearer.clock.skew.seconds = 30
	sasl.oauthbearer.expected.audience = null
	sasl.oauthbearer.expected.issuer = null
	sasl.oauthbearer.jwks.endpoint.refresh.ms = 3600000
	sasl.oauthbearer.jwks.endpoint.retry.backoff.max.ms = 10000
	sasl.oauthbearer.jwks.endpoint.retry.backoff.ms = 100
	sasl.oauthbearer.jwks.endpoint.url = null
	sasl.oauthbearer.scope.claim.name = scope
	sasl.oauthbearer.sub.claim.name = sub
	sasl.oauthbearer.token.endpoint.url = null
	security.protocol = PLAINTEXT
	security.providers = null
	send.buffer.bytes = 131072
	session.timeout.ms = 45000
	socket.connection.setup.timeout.max.ms = 30000
	socket.connection.setup.timeout.ms = 10000
	ssl.cipher.suites = null
	ssl.enabled.protocols = [TLSv1.2, TLSv1.3]
	ssl.endpoint.identification.algorithm = https
	ssl.engine.factory.class = null
	ssl.key.password = null
	ssl.keymanager.algorithm = SunX509
	ssl.keystore.certificate.chain = null
	ssl.keystore.key = null
	ssl.keystore.location = null
	ssl.keystore.password = null
	ssl.keystore.type = JKS
	ssl.protocol = TLSv1.3
	ssl.provider = null
	ssl.secure.random.implementation = null
	ssl.trustmanager.algorithm = PKIX
	ssl.truststore.certificates = null
	ssl.truststore.location = null
	ssl.truststore.password = null
	ssl.truststore.type = JKS
	value.deserializer = class io.confluent.kafka.serializers.KafkaAvroDeserializer

2024-04-01T17:02:56.680+02:00  INFO 199134 --- [aepc-api-spring-secur-oauth2-kafka-avro-bs-ms-employee] [           main] i.c.k.s.KafkaAvroDeserializerConfig      : KafkaAvroDeserializerConfig values: 
	bearer.auth.token = [hidden]
	schema.registry.url = [http://localhost:8081]
	basic.auth.user.info = [hidden]
	auto.register.schemas = true
	max.schemas.per.subject = 1000
	basic.auth.credentials.source = URL
	schema.registry.basic.auth.user.info = [hidden]
	bearer.auth.credentials.source = STATIC_TOKEN
	specific.avro.reader = true
	value.subject.name.strategy = class io.confluent.kafka.serializers.subject.TopicNameStrategy
	key.subject.name.strategy = class io.confluent.kafka.serializers.subject.TopicNameStrategy

2024-04-01T17:02:56.686+02:00  INFO 199134 --- [aepc-api-spring-secur-oauth2-kafka-avro-bs-ms-employee] [           main] o.a.kafka.common.utils.AppInfoParser     : Kafka version: 3.6.1
2024-04-01T17:02:56.686+02:00  INFO 199134 --- [aepc-api-spring-secur-oauth2-kafka-avro-bs-ms-employee] [           main] o.a.kafka.common.utils.AppInfoParser     : Kafka commitId: 5e3c2b738d253ff5
2024-04-01T17:02:56.687+02:00  INFO 199134 --- [aepc-api-spring-secur-oauth2-kafka-avro-bs-ms-employee] [           main] o.a.kafka.common.utils.AppInfoParser     : Kafka startTimeMs: 1711983776686
2024-04-01T17:02:56.687+02:00  INFO 199134 --- [aepc-api-spring-secur-oauth2-kafka-avro-bs-ms-employee] [           main] fkaConsumerFactory$ExtendedKafkaConsumer : [Consumer clientId=consumer-employee-group-id-2, groupId=employee-group-id] Subscribed to topic(s): avro-employees-created
2024-04-01T17:02:56.690+02:00  INFO 199134 --- [aepc-api-spring-secur-oauth2-kafka-avro-bs-ms-employee] [           main] o.a.k.clients.consumer.ConsumerConfig    : ConsumerConfig values: 
	allow.auto.create.topics = true
	auto.commit.interval.ms = 5000
	auto.include.jmx.reporter = true
	auto.offset.reset = earliest
	bootstrap.servers = [http://localhost:9092, http://localhost:9093, http://localhost:9094]
	check.crcs = true
	client.dns.lookup = use_all_dns_ips
	client.id = consumer--employee-group-id}-3
	client.rack = 
	connections.max.idle.ms = 540000
	default.api.timeout.ms = 60000
	enable.auto.commit = false
	exclude.internal.topics = true
	fetch.max.bytes = 52428800
	fetch.max.wait.ms = 500
	fetch.min.bytes = 1
	group.id = -employee-group-id}
	group.instance.id = null
	heartbeat.interval.ms = 3000
	interceptor.classes = []
	internal.leave.group.on.close = true
	internal.throw.on.fetch.stable.offset.unsupported = false
	isolation.level = read_uncommitted
	key.deserializer = class org.apache.kafka.common.serialization.StringDeserializer
	max.partition.fetch.bytes = 1048576
	max.poll.interval.ms = 300000
	max.poll.records = 500
	metadata.max.age.ms = 300000
	metric.reporters = []
	metrics.num.samples = 2
	metrics.recording.level = INFO
	metrics.sample.window.ms = 30000
	partition.assignment.strategy = [class org.apache.kafka.clients.consumer.RangeAssignor, class org.apache.kafka.clients.consumer.CooperativeStickyAssignor]
	receive.buffer.bytes = 65536
	reconnect.backoff.max.ms = 1000
	reconnect.backoff.ms = 50
	request.timeout.ms = 30000
	retry.backoff.ms = 100
	sasl.client.callback.handler.class = null
	sasl.jaas.config = null
	sasl.kerberos.kinit.cmd = /usr/bin/kinit
	sasl.kerberos.min.time.before.relogin = 60000
	sasl.kerberos.service.name = null
	sasl.kerberos.ticket.renew.jitter = 0.05
	sasl.kerberos.ticket.renew.window.factor = 0.8
	sasl.login.callback.handler.class = null
	sasl.login.class = null
	sasl.login.connect.timeout.ms = null
	sasl.login.read.timeout.ms = null
	sasl.login.refresh.buffer.seconds = 300
	sasl.login.refresh.min.period.seconds = 60
	sasl.login.refresh.window.factor = 0.8
	sasl.login.refresh.window.jitter = 0.05
	sasl.login.retry.backoff.max.ms = 10000
	sasl.login.retry.backoff.ms = 100
	sasl.mechanism = GSSAPI
	sasl.oauthbearer.clock.skew.seconds = 30
	sasl.oauthbearer.expected.audience = null
	sasl.oauthbearer.expected.issuer = null
	sasl.oauthbearer.jwks.endpoint.refresh.ms = 3600000
	sasl.oauthbearer.jwks.endpoint.retry.backoff.max.ms = 10000
	sasl.oauthbearer.jwks.endpoint.retry.backoff.ms = 100
	sasl.oauthbearer.jwks.endpoint.url = null
	sasl.oauthbearer.scope.claim.name = scope
	sasl.oauthbearer.sub.claim.name = sub
	sasl.oauthbearer.token.endpoint.url = null
	security.protocol = PLAINTEXT
	security.providers = null
	send.buffer.bytes = 131072
	session.timeout.ms = 45000
	socket.connection.setup.timeout.max.ms = 30000
	socket.connection.setup.timeout.ms = 10000
	ssl.cipher.suites = null
	ssl.enabled.protocols = [TLSv1.2, TLSv1.3]
	ssl.endpoint.identification.algorithm = https
	ssl.engine.factory.class = null
	ssl.key.password = null
	ssl.keymanager.algorithm = SunX509
	ssl.keystore.certificate.chain = null
	ssl.keystore.key = null
	ssl.keystore.location = null
	ssl.keystore.password = null
	ssl.keystore.type = JKS
	ssl.protocol = TLSv1.3
	ssl.provider = null
	ssl.secure.random.implementation = null
	ssl.trustmanager.algorithm = PKIX
	ssl.truststore.certificates = null
	ssl.truststore.location = null
	ssl.truststore.password = null
	ssl.truststore.type = JKS
	value.deserializer = class io.confluent.kafka.serializers.KafkaAvroDeserializer

2024-04-01T17:02:56.694+02:00  INFO 199134 --- [aepc-api-spring-secur-oauth2-kafka-avro-bs-ms-employee] [           main] i.c.k.s.KafkaAvroDeserializerConfig      : KafkaAvroDeserializerConfig values: 
	bearer.auth.token = [hidden]
	schema.registry.url = [http://localhost:8081]
	basic.auth.user.info = [hidden]
	auto.register.schemas = true
	max.schemas.per.subject = 1000
	basic.auth.credentials.source = URL
	schema.registry.basic.auth.user.info = [hidden]
	bearer.auth.credentials.source = STATIC_TOKEN
	specific.avro.reader = true
	value.subject.name.strategy = class io.confluent.kafka.serializers.subject.TopicNameStrategy
	key.subject.name.strategy = class io.confluent.kafka.serializers.subject.TopicNameStrategy

2024-04-01T17:02:56.700+02:00  INFO 199134 --- [aepc-api-spring-secur-oauth2-kafka-avro-bs-ms-employee] [           main] o.a.kafka.common.utils.AppInfoParser     : Kafka version: 3.6.1
2024-04-01T17:02:56.701+02:00  INFO 199134 --- [aepc-api-spring-secur-oauth2-kafka-avro-bs-ms-employee] [           main] o.a.kafka.common.utils.AppInfoParser     : Kafka commitId: 5e3c2b738d253ff5
2024-04-01T17:02:56.701+02:00  INFO 199134 --- [aepc-api-spring-secur-oauth2-kafka-avro-bs-ms-employee] [           main] o.a.kafka.common.utils.AppInfoParser     : Kafka startTimeMs: 1711983776700
2024-04-01T17:02:56.701+02:00  INFO 199134 --- [aepc-api-spring-secur-oauth2-kafka-avro-bs-ms-employee] [           main] fkaConsumerFactory$ExtendedKafkaConsumer : [Consumer clientId=consumer--employee-group-id}-3, groupId=-employee-group-id}] Subscribed to topic(s): avro-employees-deleted
2024-04-01T17:02:56.719+02:00  WARN 199134 --- [aepc-api-spring-secur-oauth2-kafka-avro-bs-ms-employee] [ntainer#2-0-C-1] org.apache.kafka.clients.NetworkClient   : [Consumer clientId=consumer-employee-group-id-1, groupId=employee-group-id] Error while fetching metadata with correlation id 3 : {avro-employee-edited=LEADER_NOT_AVAILABLE}
2024-04-01T17:02:56.721+02:00  INFO 199134 --- [aepc-api-spring-secur-oauth2-kafka-avro-bs-ms-employee] [ntainer#2-0-C-1] org.apache.kafka.clients.Metadata        : [Consumer clientId=consumer-employee-group-id-1, groupId=employee-group-id] Cluster ID: 9YJB5U1xRpyZvm427k0JPw
2024-04-01T17:02:56.722+02:00  INFO 199134 --- [aepc-api-spring-secur-oauth2-kafka-avro-bs-ms-employee] [ntainer#2-0-C-1] o.a.k.c.c.internals.ConsumerCoordinator  : [Consumer clientId=consumer-employee-group-id-1, groupId=employee-group-id] Discovered group coordinator localhost:9093 (id: 2147483646 rack: null)
2024-04-01T17:02:56.725+02:00  INFO 199134 --- [aepc-api-spring-secur-oauth2-kafka-avro-bs-ms-employee] [ntainer#2-0-C-1] o.a.k.c.c.internals.ConsumerCoordinator  : [Consumer clientId=consumer-employee-group-id-1, groupId=employee-group-id] (Re-)joining group
2024-04-01T17:02:56.734+02:00  INFO 199134 --- [aepc-api-spring-secur-oauth2-kafka-avro-bs-ms-employee] [ntainer#0-0-C-1] org.apache.kafka.clients.Metadata        : [Consumer clientId=consumer-employee-group-id-2, groupId=employee-group-id] Cluster ID: 9YJB5U1xRpyZvm427k0JPw
2024-04-01T17:02:56.743+02:00  INFO 199134 --- [aepc-api-spring-secur-oauth2-kafka-avro-bs-ms-employee] [ntainer#0-0-C-1] o.a.k.c.c.internals.ConsumerCoordinator  : [Consumer clientId=consumer-employee-group-id-2, groupId=employee-group-id] Discovered group coordinator localhost:9093 (id: 2147483646 rack: null)
2024-04-01T17:02:56.748+02:00  INFO 199134 --- [aepc-api-spring-secur-oauth2-kafka-avro-bs-ms-employee] [ntainer#0-0-C-1] o.a.k.c.c.internals.ConsumerCoordinator  : [Consumer clientId=consumer-employee-group-id-2, groupId=employee-group-id] (Re-)joining group
2024-04-01T17:02:56.749+02:00  INFO 199134 --- [aepc-api-spring-secur-oauth2-kafka-avro-bs-ms-employee] [ntainer#1-0-C-1] org.apache.kafka.clients.Metadata        : [Consumer clientId=consumer--employee-group-id}-3, groupId=-employee-group-id}] Cluster ID: 9YJB5U1xRpyZvm427k0JPw
2024-04-01T17:02:56.758+02:00  INFO 199134 --- [aepc-api-spring-secur-oauth2-kafka-avro-bs-ms-employee] [ntainer#1-0-C-1] o.a.k.c.c.internals.ConsumerCoordinator  : [Consumer clientId=consumer--employee-group-id}-3, groupId=-employee-group-id}] Discovered group coordinator localhost:9092 (id: 2147483647 rack: null)
2024-04-01T17:02:56.759+02:00  INFO 199134 --- [aepc-api-spring-secur-oauth2-kafka-avro-bs-ms-employee] [ntainer#1-0-C-1] o.a.k.c.c.internals.ConsumerCoordinator  : [Consumer clientId=consumer--employee-group-id}-3, groupId=-employee-group-id}] (Re-)joining group
2024-04-01T17:02:56.769+02:00  INFO 199134 --- [aepc-api-spring-secur-oauth2-kafka-avro-bs-ms-employee] [ntainer#1-0-C-1] o.a.k.c.c.internals.ConsumerCoordinator  : [Consumer clientId=consumer--employee-group-id}-3, groupId=-employee-group-id}] Request joining group due to: need to re-join with the given member-id: consumer--employee-group-id}-3-3261e4b0-eb31-4b0e-ad45-896f28dec25e
2024-04-01T17:02:56.770+02:00  INFO 199134 --- [aepc-api-spring-secur-oauth2-kafka-avro-bs-ms-employee] [ntainer#1-0-C-1] o.a.k.c.c.internals.ConsumerCoordinator  : [Consumer clientId=consumer--employee-group-id}-3, groupId=-employee-group-id}] Request joining group due to: rebalance failed due to 'The group member needs to have a valid member id before actually entering a consumer group.' (MemberIdRequiredException)
2024-04-01T17:02:56.771+02:00  INFO 199134 --- [aepc-api-spring-secur-oauth2-kafka-avro-bs-ms-employee] [ntainer#1-0-C-1] o.a.k.c.c.internals.ConsumerCoordinator  : [Consumer clientId=consumer--employee-group-id}-3, groupId=-employee-group-id}] (Re-)joining group
2024-04-01T17:02:56.776+02:00  INFO 199134 --- [aepc-api-spring-secur-oauth2-kafka-avro-bs-ms-employee] [ntainer#1-0-C-1] o.a.k.c.c.internals.ConsumerCoordinator  : [Consumer clientId=consumer--employee-group-id}-3, groupId=-employee-group-id}] Successfully joined group with generation Generation{generationId=1, memberId='consumer--employee-group-id}-3-3261e4b0-eb31-4b0e-ad45-896f28dec25e', protocol='range'}
2024-04-01T17:02:56.781+02:00  INFO 199134 --- [aepc-api-spring-secur-oauth2-kafka-avro-bs-ms-employee] [           main] eanArchiBsMicrosEmployeeApplicationTests : Started K8sKafkaAvroAepcCleanArchiBsMicrosEmployeeApplicationTests in 11.913 seconds (process running for 13.404)
2024-04-01T17:02:56.786+02:00  INFO 199134 --- [aepc-api-spring-secur-oauth2-kafka-avro-bs-ms-employee] [ntainer#2-0-C-1] o.a.k.c.c.internals.ConsumerCoordinator  : [Consumer clientId=consumer-employee-group-id-1, groupId=employee-group-id] Request joining group due to: need to re-join with the given member-id: consumer-employee-group-id-1-4a287abd-df59-48bd-a4b6-75b335289b6c
2024-04-01T17:02:56.787+02:00  INFO 199134 --- [aepc-api-spring-secur-oauth2-kafka-avro-bs-ms-employee] [ntainer#2-0-C-1] o.a.k.c.c.internals.ConsumerCoordinator  : [Consumer clientId=consumer-employee-group-id-1, groupId=employee-group-id] Request joining group due to: rebalance failed due to 'The group member needs to have a valid member id before actually entering a consumer group.' (MemberIdRequiredException)
2024-04-01T17:02:56.787+02:00  INFO 199134 --- [aepc-api-spring-secur-oauth2-kafka-avro-bs-ms-employee] [ntainer#2-0-C-1] o.a.k.c.c.internals.ConsumerCoordinator  : [Consumer clientId=consumer-employee-group-id-1, groupId=employee-group-id] (Re-)joining group
2024-04-01T17:02:56.790+02:00  INFO 199134 --- [aepc-api-spring-secur-oauth2-kafka-avro-bs-ms-employee] [ntainer#1-0-C-1] o.a.k.c.c.internals.ConsumerCoordinator  : [Consumer clientId=consumer--employee-group-id}-3, groupId=-employee-group-id}] Finished assignment for group at generation 1: {consumer--employee-group-id}-3-3261e4b0-eb31-4b0e-ad45-896f28dec25e=Assignment(partitions=[avro-employees-deleted-0])}
2024-04-01T17:02:56.800+02:00  INFO 199134 --- [aepc-api-spring-secur-oauth2-kafka-avro-bs-ms-employee] [ntainer#0-0-C-1] o.a.k.c.c.internals.ConsumerCoordinator  : [Consumer clientId=consumer-employee-group-id-2, groupId=employee-group-id] Request joining group due to: need to re-join with the given member-id: consumer-employee-group-id-2-76751d9d-c61d-459f-8c2d-038c11fb03e1
2024-04-01T17:02:56.800+02:00  INFO 199134 --- [aepc-api-spring-secur-oauth2-kafka-avro-bs-ms-employee] [ntainer#0-0-C-1] o.a.k.c.c.internals.ConsumerCoordinator  : [Consumer clientId=consumer-employee-group-id-2, groupId=employee-group-id] Request joining group due to: rebalance failed due to 'The group member needs to have a valid member id before actually entering a consumer group.' (MemberIdRequiredException)
2024-04-01T17:02:56.800+02:00  INFO 199134 --- [aepc-api-spring-secur-oauth2-kafka-avro-bs-ms-employee] [ntainer#0-0-C-1] o.a.k.c.c.internals.ConsumerCoordinator  : [Consumer clientId=consumer-employee-group-id-2, groupId=employee-group-id] (Re-)joining group
2024-04-01T17:02:56.804+02:00  INFO 199134 --- [aepc-api-spring-secur-oauth2-kafka-avro-bs-ms-employee] [ntainer#1-0-C-1] o.a.k.c.c.internals.ConsumerCoordinator  : [Consumer clientId=consumer--employee-group-id}-3, groupId=-employee-group-id}] Successfully synced group in generation Generation{generationId=1, memberId='consumer--employee-group-id}-3-3261e4b0-eb31-4b0e-ad45-896f28dec25e', protocol='range'}
2024-04-01T17:02:56.805+02:00  INFO 199134 --- [aepc-api-spring-secur-oauth2-kafka-avro-bs-ms-employee] [ntainer#1-0-C-1] o.a.k.c.c.internals.ConsumerCoordinator  : [Consumer clientId=consumer--employee-group-id}-3, groupId=-employee-group-id}] Notifying assignor about the new Assignment(partitions=[avro-employees-deleted-0])
2024-04-01T17:02:56.808+02:00  INFO 199134 --- [aepc-api-spring-secur-oauth2-kafka-avro-bs-ms-employee] [ntainer#1-0-C-1] o.a.k.c.c.internals.ConsumerCoordinator  : [Consumer clientId=consumer--employee-group-id}-3, groupId=-employee-group-id}] Adding newly assigned partitions: avro-employees-deleted-0
2024-04-01T17:02:56.831+02:00  INFO 199134 --- [aepc-api-spring-secur-oauth2-kafka-avro-bs-ms-employee] [ntainer#1-0-C-1] o.a.k.c.c.internals.ConsumerCoordinator  : [Consumer clientId=consumer--employee-group-id}-3, groupId=-employee-group-id}] Found no committed offset for partition avro-employees-deleted-0
2024-04-01T17:02:56.853+02:00  INFO 199134 --- [aepc-api-spring-secur-oauth2-kafka-avro-bs-ms-employee] [ntainer#0-0-C-1] o.a.k.c.c.internals.ConsumerCoordinator  : [Consumer clientId=consumer-employee-group-id-2, groupId=employee-group-id] Successfully joined group with generation Generation{generationId=1, memberId='consumer-employee-group-id-2-76751d9d-c61d-459f-8c2d-038c11fb03e1', protocol='range'}
2024-04-01T17:02:56.857+02:00  INFO 199134 --- [aepc-api-spring-secur-oauth2-kafka-avro-bs-ms-employee] [ntainer#1-0-C-1] o.a.k.c.c.internals.SubscriptionState    : [Consumer clientId=consumer--employee-group-id}-3, groupId=-employee-group-id}] Resetting offset for partition avro-employees-deleted-0 to position FetchPosition{offset=0, offsetEpoch=Optional.empty, currentLeader=LeaderAndEpoch{leader=Optional[localhost:9092 (id: 0 rack: null)], epoch=absent}}.
2024-04-01T17:02:56.860+02:00  INFO 199134 --- [aepc-api-spring-secur-oauth2-kafka-avro-bs-ms-employee] [ntainer#1-0-C-1] o.s.k.l.KafkaMessageListenerContainer    : -employee-group-id}: partitions assigned: [avro-employees-deleted-0]
2024-04-01T17:02:56.865+02:00  INFO 199134 --- [aepc-api-spring-secur-oauth2-kafka-avro-bs-ms-employee] [ntainer#2-0-C-1] o.a.k.c.c.internals.ConsumerCoordinator  : [Consumer clientId=consumer-employee-group-id-1, groupId=employee-group-id] Successfully joined group with generation Generation{generationId=1, memberId='consumer-employee-group-id-1-4a287abd-df59-48bd-a4b6-75b335289b6c', protocol='range'}
2024-04-01T17:02:56.868+02:00  INFO 199134 --- [aepc-api-spring-secur-oauth2-kafka-avro-bs-ms-employee] [ntainer#2-0-C-1] o.a.k.c.c.internals.ConsumerCoordinator  : [Consumer clientId=consumer-employee-group-id-1, groupId=employee-group-id] Finished assignment for group at generation 1: {consumer-employee-group-id-2-76751d9d-c61d-459f-8c2d-038c11fb03e1=Assignment(partitions=[avro-employees-created-0]), consumer-employee-group-id-1-4a287abd-df59-48bd-a4b6-75b335289b6c=Assignment(partitions=[avro-employee-edited-0])}
2024-04-01T17:02:56.924+02:00  INFO 199134 --- [aepc-api-spring-secur-oauth2-kafka-avro-bs-ms-employee] [ntainer#0-0-C-1] o.a.k.c.c.internals.ConsumerCoordinator  : [Consumer clientId=consumer-employee-group-id-2, groupId=employee-group-id] Successfully synced group in generation Generation{generationId=1, memberId='consumer-employee-group-id-2-76751d9d-c61d-459f-8c2d-038c11fb03e1', protocol='range'}
2024-04-01T17:02:56.925+02:00  INFO 199134 --- [aepc-api-spring-secur-oauth2-kafka-avro-bs-ms-employee] [ntainer#0-0-C-1] o.a.k.c.c.internals.ConsumerCoordinator  : [Consumer clientId=consumer-employee-group-id-2, groupId=employee-group-id] Notifying assignor about the new Assignment(partitions=[avro-employees-created-0])
2024-04-01T17:02:56.926+02:00  INFO 199134 --- [aepc-api-spring-secur-oauth2-kafka-avro-bs-ms-employee] [ntainer#0-0-C-1] o.a.k.c.c.internals.ConsumerCoordinator  : [Consumer clientId=consumer-employee-group-id-2, groupId=employee-group-id] Adding newly assigned partitions: avro-employees-created-0
2024-04-01T17:02:56.926+02:00  INFO 199134 --- [aepc-api-spring-secur-oauth2-kafka-avro-bs-ms-employee] [ntainer#2-0-C-1] o.a.k.c.c.internals.ConsumerCoordinator  : [Consumer clientId=consumer-employee-group-id-1, groupId=employee-group-id] Successfully synced group in generation Generation{generationId=1, memberId='consumer-employee-group-id-1-4a287abd-df59-48bd-a4b6-75b335289b6c', protocol='range'}
2024-04-01T17:02:56.927+02:00  INFO 199134 --- [aepc-api-spring-secur-oauth2-kafka-avro-bs-ms-employee] [ntainer#2-0-C-1] o.a.k.c.c.internals.ConsumerCoordinator  : [Consumer clientId=consumer-employee-group-id-1, groupId=employee-group-id] Notifying assignor about the new Assignment(partitions=[avro-employee-edited-0])
2024-04-01T17:02:56.927+02:00  INFO 199134 --- [aepc-api-spring-secur-oauth2-kafka-avro-bs-ms-employee] [ntainer#2-0-C-1] o.a.k.c.c.internals.ConsumerCoordinator  : [Consumer clientId=consumer-employee-group-id-1, groupId=employee-group-id] Adding newly assigned partitions: avro-employee-edited-0
2024-04-01T17:02:56.936+02:00  INFO 199134 --- [aepc-api-spring-secur-oauth2-kafka-avro-bs-ms-employee] [ntainer#2-0-C-1] o.a.k.c.c.internals.ConsumerCoordinator  : [Consumer clientId=consumer-employee-group-id-1, groupId=employee-group-id] Found no committed offset for partition avro-employee-edited-0
2024-04-01T17:02:56.944+02:00  INFO 199134 --- [aepc-api-spring-secur-oauth2-kafka-avro-bs-ms-employee] [ntainer#0-0-C-1] o.a.k.c.c.internals.ConsumerCoordinator  : [Consumer clientId=consumer-employee-group-id-2, groupId=employee-group-id] Found no committed offset for partition avro-employees-created-0
2024-04-01T17:02:56.956+02:00  INFO 199134 --- [aepc-api-spring-secur-oauth2-kafka-avro-bs-ms-employee] [ntainer#2-0-C-1] o.a.k.c.c.internals.SubscriptionState    : [Consumer clientId=consumer-employee-group-id-1, groupId=employee-group-id] Resetting offset for partition avro-employee-edited-0 to position FetchPosition{offset=0, offsetEpoch=Optional.empty, currentLeader=LeaderAndEpoch{leader=Optional[localhost:9093 (id: 1 rack: null)], epoch=absent}}.
2024-04-01T17:02:56.956+02:00  INFO 199134 --- [aepc-api-spring-secur-oauth2-kafka-avro-bs-ms-employee] [ntainer#2-0-C-1] o.s.k.l.KafkaMessageListenerContainer    : employee-group-id: partitions assigned: [avro-employee-edited-0]
2024-04-01T17:02:56.968+02:00  INFO 199134 --- [aepc-api-spring-secur-oauth2-kafka-avro-bs-ms-employee] [ntainer#0-0-C-1] o.a.k.c.c.internals.SubscriptionState    : [Consumer clientId=consumer-employee-group-id-2, groupId=employee-group-id] Resetting offset for partition avro-employees-created-0 to position FetchPosition{offset=0, offsetEpoch=Optional.empty, currentLeader=LeaderAndEpoch{leader=Optional[localhost:9093 (id: 1 rack: null)], epoch=absent}}.
2024-04-01T17:02:56.969+02:00  INFO 199134 --- [aepc-api-spring-secur-oauth2-kafka-avro-bs-ms-employee] [ntainer#0-0-C-1] o.s.k.l.KafkaMessageListenerContainer    : employee-group-id: partitions assigned: [avro-employees-created-0]
]]></system-out>
  </testcase>
</testsuite>